<?xml version="1.0" encoding="UTF-8"?>
<testsuite xmlns:xsi="http://www.w3.org/2001/XMLSchema-instance" xsi:noNamespaceSchemaLocation="https://maven.apache.org/surefire/maven-surefire-plugin/xsd/surefire-test-report-3.0.xsd" version="3.0" name="fivvy.backend_challenge.controller.integration.DisclaimerControllerIntegrationTests" time="8.065" tests="2" errors="0" skipped="0" failures="0">
  <properties>
[...]
</properties>
  <testcase name="createDisclaimerSuccesfullyTest" classname="fivvy.backend_challenge.controller.integration.DisclaimerControllerIntegrationTests" time="0.867">
    <system-out><![CDATA[16:22:25.853 [main] INFO org.springframework.test.context.support.AnnotationConfigContextLoaderUtils -- Could not detect default configuration classes for test class [fivvy.backend_challenge.controller.integration.DisclaimerControllerIntegrationTests]: DisclaimerControllerIntegrationTests does not declare any static, non-private, non-final, nested classes annotated with @Configuration.
16:22:26.057 [main] INFO org.springframework.boot.test.context.SpringBootTestContextBootstrapper -- Found @SpringBootConfiguration fivvy.backend_challenge.BackendChallengeApplication for test class fivvy.backend_challenge.controller.integration.DisclaimerControllerIntegrationTests

  .   ____          _            __ _ _
 /\\ / ___'_ __ _ _(_)_ __  __ _ \ \ \ \
( ( )\___ | '_ | '_| | '_ \/ _` | \ \ \ \
 \\/  ___)| |_)| | | | | || (_| |  ) ) ) )
  '  |____| .__|_| |_|_| |_\__, | / / / /
 =========|_|==============|___/=/_/_/_/
 :: Spring Boot ::                (v3.1.0)

2023-06-15T16:22:26.695-03:00  INFO 179206 --- [           main] c.i.DisclaimerControllerIntegrationTests : Starting DisclaimerControllerIntegrationTests using Java 17.0.1 with PID 179206 (started by ajalife in /home/ajalife/Desktop/Applicando/Fivvy/fivvy_backend_challenge/solution)
2023-06-15T16:22:26.697-03:00  INFO 179206 --- [           main] c.i.DisclaimerControllerIntegrationTests : No active profile set, falling back to 1 default profile: "default"
2023-06-15T16:22:27.571-03:00  INFO 179206 --- [           main] .s.d.r.c.RepositoryConfigurationDelegate : Bootstrapping Spring Data JPA repositories in DEFAULT mode.
2023-06-15T16:22:27.637-03:00  INFO 179206 --- [           main] .s.d.r.c.RepositoryConfigurationDelegate : Finished Spring Data repository scanning in 55 ms. Found 1 JPA repository interfaces.
2023-06-15T16:22:28.213-03:00  INFO 179206 --- [           main] o.hibernate.jpa.internal.util.LogHelper  : HHH000204: Processing PersistenceUnitInfo [name: default]
2023-06-15T16:22:28.283-03:00  INFO 179206 --- [           main] org.hibernate.Version                    : HHH000412: Hibernate ORM core version 6.2.2.Final
2023-06-15T16:22:28.286-03:00  INFO 179206 --- [           main] org.hibernate.cfg.Environment            : HHH000406: Using bytecode reflection optimizer
2023-06-15T16:22:28.538-03:00  INFO 179206 --- [           main] o.h.b.i.BytecodeProviderInitiator        : HHH000021: Bytecode provider name : bytebuddy
2023-06-15T16:22:28.725-03:00  INFO 179206 --- [           main] o.s.o.j.p.SpringPersistenceUnitInfo      : No LoadTimeWeaver setup: ignoring JPA class transformer
2023-06-15T16:22:28.751-03:00  INFO 179206 --- [           main] com.zaxxer.hikari.HikariDataSource       : HikariPool-1 - Starting...
2023-06-15T16:22:29.053-03:00  INFO 179206 --- [           main] com.zaxxer.hikari.pool.HikariPool        : HikariPool-1 - Added connection org.postgresql.jdbc.PgConnection@7cb4fc46
2023-06-15T16:22:29.056-03:00  INFO 179206 --- [           main] com.zaxxer.hikari.HikariDataSource       : HikariPool-1 - Start completed.
2023-06-15T16:22:29.110-03:00  INFO 179206 --- [           main] org.hibernate.orm.dialect                : HHH035001: Using dialect: org.hibernate.dialect.PostgreSQLDialect, version: org.hibernate.engine.jdbc.env.internal.JdbcEnvironmentInitiator$DialectResolutionInfoImpl@5d9576a0
2023-06-15T16:22:29.422-03:00  INFO 179206 --- [           main] o.h.b.i.BytecodeProviderInitiator        : HHH000021: Bytecode provider name : bytebuddy
2023-06-15T16:22:30.402-03:00  INFO 179206 --- [           main] o.h.e.t.j.p.i.JtaPlatformInitiator       : HHH000490: Using JtaPlatform implementation: [org.hibernate.engine.transaction.jta.platform.internal.NoJtaPlatform]
Hibernate: 
    drop table if exists public.disclaimer cascade
2023-06-15T16:22:30.433-03:00  WARN 179206 --- [           main] o.h.engine.jdbc.spi.SqlExceptionHelper   : SQL Warning Code: 0, SQLState: 00000
2023-06-15T16:22:30.434-03:00  WARN 179206 --- [           main] o.h.engine.jdbc.spi.SqlExceptionHelper   : table "disclaimer" does not exist, skipping
Hibernate: 
    create table public.disclaimer (
        created_at timestamp(6),
        id bigserial not null,
        updated_at timestamp(6),
        name varchar(255),
        text varchar(255),
        version varchar(255),
        primary key (id)
    )
2023-06-15T16:22:30.453-03:00  INFO 179206 --- [           main] o.h.t.s.i.e.GenerationTargetToDatabase   : HHH000476: Executing script '[injected ScriptSourceInputNonExistentImpl script]'
2023-06-15T16:22:30.456-03:00  INFO 179206 --- [           main] j.LocalContainerEntityManagerFactoryBean : Initialized JPA EntityManagerFactory for persistence unit 'default'
2023-06-15T16:22:30.926-03:00  WARN 179206 --- [           main] JpaBaseConfiguration$JpaWebConfiguration : spring.jpa.open-in-view is enabled by default. Therefore, database queries may be performed during view rendering. Explicitly configure spring.jpa.open-in-view to disable this warning
2023-06-15T16:22:31.369-03:00  INFO 179206 --- [           main] o.s.b.t.m.w.SpringBootMockServletContext : Initializing Spring TestDispatcherServlet ''
2023-06-15T16:22:31.370-03:00  INFO 179206 --- [           main] o.s.t.web.servlet.TestDispatcherServlet  : Initializing Servlet ''
2023-06-15T16:22:31.372-03:00  INFO 179206 --- [           main] o.s.t.web.servlet.TestDispatcherServlet  : Completed initialization in 1 ms
2023-06-15T16:22:31.390-03:00  INFO 179206 --- [           main] c.i.DisclaimerControllerIntegrationTests : Started DisclaimerControllerIntegrationTests in 5.097 seconds (process running for 6.63)
2023-06-15T16:22:32.102-03:00  INFO 179206 --- [           main] f.b.service.DisclaimerService            : Creating disclaimer
Hibernate: 
    insert 
    into
        public.disclaimer
        (created_at,name,text,updated_at,version) 
    values
        (?,?,?,?,?)
2023-06-15T16:22:32.261-03:00  INFO 179206 --- [           main] j.LocalContainerEntityManagerFactoryBean : Closing JPA EntityManagerFactory for persistence unit 'default'
2023-06-15T16:22:32.261-03:00  INFO 179206 --- [           main] .SchemaDropperImpl$DelayedDropActionImpl : HHH000477: Starting delayed evictData of schema as part of SessionFactory shut-down'
Hibernate: 
    drop table if exists public.disclaimer cascade
2023-06-15T16:22:32.266-03:00  INFO 179206 --- [           main] com.zaxxer.hikari.HikariDataSource       : HikariPool-1 - Shutdown initiated...
2023-06-15T16:22:32.269-03:00  INFO 179206 --- [           main] com.zaxxer.hikari.HikariDataSource       : HikariPool-1 - Shutdown completed.
]]></system-out>
  </testcase>
  <testcase name="main" classname="fivvy.backend_challenge.controller.integration.DisclaimerControllerIntegrationTests" time="0.785">
    <system-out><![CDATA[
  .   ____          _            __ _ _
 /\\ / ___'_ __ _ _(_)_ __  __ _ \ \ \ \
( ( )\___ | '_ | '_| | '_ \/ _` | \ \ \ \
 \\/  ___)| |_)| | | | | || (_| |  ) ) ) )
  '  |____| .__|_| |_|_| |_\__, | / / / /
 =========|_|==============|___/=/_/_/_/
 :: Spring Boot ::                (v3.1.0)

2023-06-15T16:22:32.306-03:00  INFO 179206 --- [           main] c.i.DisclaimerControllerIntegrationTests : Starting DisclaimerControllerIntegrationTests using Java 17.0.1 with PID 179206 (started by ajalife in /home/ajalife/Desktop/Applicando/Fivvy/fivvy_backend_challenge/solution)
2023-06-15T16:22:32.306-03:00  INFO 179206 --- [           main] c.i.DisclaimerControllerIntegrationTests : No active profile set, falling back to 1 default profile: "default"
2023-06-15T16:22:32.448-03:00  INFO 179206 --- [           main] .s.d.r.c.RepositoryConfigurationDelegate : Bootstrapping Spring Data JPA repositories in DEFAULT mode.
2023-06-15T16:22:32.456-03:00  INFO 179206 --- [           main] .s.d.r.c.RepositoryConfigurationDelegate : Finished Spring Data repository scanning in 7 ms. Found 1 JPA repository interfaces.
2023-06-15T16:22:32.605-03:00  INFO 179206 --- [           main] o.hibernate.jpa.internal.util.LogHelper  : HHH000204: Processing PersistenceUnitInfo [name: default]
2023-06-15T16:22:32.612-03:00  INFO 179206 --- [           main] o.h.b.i.BytecodeProviderInitiator        : HHH000021: Bytecode provider name : bytebuddy
2023-06-15T16:22:32.612-03:00  INFO 179206 --- [           main] o.s.o.j.p.SpringPersistenceUnitInfo      : No LoadTimeWeaver setup: ignoring JPA class transformer
2023-06-15T16:22:32.613-03:00  INFO 179206 --- [           main] com.zaxxer.hikari.HikariDataSource       : HikariPool-2 - Starting...
2023-06-15T16:22:32.629-03:00  INFO 179206 --- [           main] com.zaxxer.hikari.pool.HikariPool        : HikariPool-2 - Added connection org.postgresql.jdbc.PgConnection@3fc19c60
2023-06-15T16:22:32.630-03:00  INFO 179206 --- [           main] com.zaxxer.hikari.HikariDataSource       : HikariPool-2 - Start completed.
2023-06-15T16:22:32.633-03:00  INFO 179206 --- [           main] org.hibernate.orm.dialect                : HHH035001: Using dialect: org.hibernate.dialect.PostgreSQLDialect, version: org.hibernate.engine.jdbc.env.internal.JdbcEnvironmentInitiator$DialectResolutionInfoImpl@32272d0b
2023-06-15T16:22:32.643-03:00  INFO 179206 --- [           main] o.h.b.i.BytecodeProviderInitiator        : HHH000021: Bytecode provider name : bytebuddy
2023-06-15T16:22:32.670-03:00  INFO 179206 --- [           main] o.h.e.t.j.p.i.JtaPlatformInitiator       : HHH000490: Using JtaPlatform implementation: [org.hibernate.engine.transaction.jta.platform.internal.NoJtaPlatform]
Hibernate: 
    drop table if exists public.disclaimer cascade
2023-06-15T16:22:32.671-03:00  WARN 179206 --- [           main] o.h.engine.jdbc.spi.SqlExceptionHelper   : SQL Warning Code: 0, SQLState: 00000
2023-06-15T16:22:32.671-03:00  WARN 179206 --- [           main] o.h.engine.jdbc.spi.SqlExceptionHelper   : table "disclaimer" does not exist, skipping
Hibernate: 
    create table public.disclaimer (
        created_at timestamp(6),
        id bigserial not null,
        updated_at timestamp(6),
        name varchar(255),
        text varchar(255),
        version varchar(255),
        primary key (id)
    )
2023-06-15T16:22:32.679-03:00  INFO 179206 --- [           main] o.h.t.s.i.e.GenerationTargetToDatabase   : HHH000476: Executing script '[injected ScriptSourceInputNonExistentImpl script]'
2023-06-15T16:22:32.680-03:00  INFO 179206 --- [           main] j.LocalContainerEntityManagerFactoryBean : Initialized JPA EntityManagerFactory for persistence unit 'default'
2023-06-15T16:22:32.747-03:00  WARN 179206 --- [           main] JpaBaseConfiguration$JpaWebConfiguration : spring.jpa.open-in-view is enabled by default. Therefore, database queries may be performed during view rendering. Explicitly configure spring.jpa.open-in-view to disable this warning
2023-06-15T16:22:32.839-03:00  INFO 179206 --- [           main] o.s.b.t.m.w.SpringBootMockServletContext : Initializing Spring TestDispatcherServlet ''
2023-06-15T16:22:32.839-03:00  INFO 179206 --- [           main] o.s.t.web.servlet.TestDispatcherServlet  : Initializing Servlet ''
2023-06-15T16:22:32.840-03:00  INFO 179206 --- [           main] o.s.t.web.servlet.TestDispatcherServlet  : Completed initialization in 1 ms
2023-06-15T16:22:32.847-03:00  INFO 179206 --- [           main] c.i.DisclaimerControllerIntegrationTests : Started DisclaimerControllerIntegrationTests in 0.568 seconds (process running for 8.087)

  .   ____          _            __ _ _
 /\\ / ___'_ __ _ _(_)_ __  __ _ \ \ \ \
( ( )\___ | '_ | '_| | '_ \/ _` | \ \ \ \
 \\/  ___)| |_)| | | | | || (_| |  ) ) ) )
  '  |____| .__|_| |_|_| |_\__, | / / / /
 =========|_|==============|___/=/_/_/_/
 :: Spring Boot ::                (v3.1.0)

2023-06-15T16:22:32.873-03:00  INFO 179206 --- [           main] f.b.BackendChallengeApplication          : Starting BackendChallengeApplication using Java 17.0.1 with PID 179206 (started by ajalife in /home/ajalife/Desktop/Applicando/Fivvy/fivvy_backend_challenge/solution)
2023-06-15T16:22:32.873-03:00  INFO 179206 --- [           main] f.b.BackendChallengeApplication          : No active profile set, falling back to 1 default profile: "default"
2023-06-15T16:22:32.997-03:00  INFO 179206 --- [           main] .s.d.r.c.RepositoryConfigurationDelegate : Bootstrapping Spring Data JPA repositories in DEFAULT mode.
2023-06-15T16:22:33.005-03:00  INFO 179206 --- [           main] .s.d.r.c.RepositoryConfigurationDelegate : Finished Spring Data repository scanning in 7 ms. Found 1 JPA repository interfaces.
2023-06-15T16:22:33.220-03:00  INFO 179206 --- [           main] o.s.b.w.embedded.tomcat.TomcatWebServer  : Tomcat initialized with port(s): 8080 (http)
2023-06-15T16:22:33.233-03:00  INFO 179206 --- [           main] o.apache.catalina.core.StandardService   : Starting service [Tomcat]
2023-06-15T16:22:33.233-03:00  INFO 179206 --- [           main] o.apache.catalina.core.StandardEngine    : Starting Servlet engine: [Apache Tomcat/10.1.8]
2023-06-15T16:22:33.303-03:00  INFO 179206 --- [           main] o.a.c.c.C.[Tomcat].[localhost].[/]       : Initializing Spring embedded WebApplicationContext
2023-06-15T16:22:33.303-03:00  INFO 179206 --- [           main] w.s.c.ServletWebServerApplicationContext : Root WebApplicationContext: initialization completed in 429 ms
2023-06-15T16:22:33.381-03:00  INFO 179206 --- [           main] o.hibernate.jpa.internal.util.LogHelper  : HHH000204: Processing PersistenceUnitInfo [name: default]
2023-06-15T16:22:33.385-03:00  INFO 179206 --- [           main] o.h.b.i.BytecodeProviderInitiator        : HHH000021: Bytecode provider name : bytebuddy
2023-06-15T16:22:33.385-03:00  INFO 179206 --- [           main] o.s.o.j.p.SpringPersistenceUnitInfo      : No LoadTimeWeaver setup: ignoring JPA class transformer
2023-06-15T16:22:33.385-03:00  INFO 179206 --- [           main] com.zaxxer.hikari.HikariDataSource       : HikariPool-3 - Starting...
2023-06-15T16:22:33.397-03:00  INFO 179206 --- [           main] com.zaxxer.hikari.pool.HikariPool        : HikariPool-3 - Added connection org.postgresql.jdbc.PgConnection@6b32c686
2023-06-15T16:22:33.397-03:00  INFO 179206 --- [           main] com.zaxxer.hikari.HikariDataSource       : HikariPool-3 - Start completed.
2023-06-15T16:22:33.400-03:00  INFO 179206 --- [           main] org.hibernate.orm.dialect                : HHH035001: Using dialect: org.hibernate.dialect.PostgreSQLDialect, version: org.hibernate.engine.jdbc.env.internal.JdbcEnvironmentInitiator$DialectResolutionInfoImpl@66cd5f16
2023-06-15T16:22:33.407-03:00  INFO 179206 --- [           main] o.h.b.i.BytecodeProviderInitiator        : HHH000021: Bytecode provider name : bytebuddy
2023-06-15T16:22:33.430-03:00  INFO 179206 --- [           main] o.h.e.t.j.p.i.JtaPlatformInitiator       : HHH000490: Using JtaPlatform implementation: [org.hibernate.engine.transaction.jta.platform.internal.NoJtaPlatform]
Hibernate: 
    drop table if exists public.disclaimer cascade
Hibernate: 
    create table public.disclaimer (
        created_at timestamp(6),
        id bigserial not null,
        updated_at timestamp(6),
        name varchar(255),
        text varchar(255),
        version varchar(255),
        primary key (id)
    )
2023-06-15T16:22:33.441-03:00  INFO 179206 --- [           main] o.h.t.s.i.e.GenerationTargetToDatabase   : HHH000476: Executing script '[injected ScriptSourceInputNonExistentImpl script]'
2023-06-15T16:22:33.442-03:00  INFO 179206 --- [           main] j.LocalContainerEntityManagerFactoryBean : Initialized JPA EntityManagerFactory for persistence unit 'default'
2023-06-15T16:22:33.489-03:00  WARN 179206 --- [           main] JpaBaseConfiguration$JpaWebConfiguration : spring.jpa.open-in-view is enabled by default. Therefore, database queries may be performed during view rendering. Explicitly configure spring.jpa.open-in-view to disable this warning
2023-06-15T16:22:33.610-03:00  INFO 179206 --- [           main] o.s.b.w.embedded.tomcat.TomcatWebServer  : Tomcat started on port(s): 8080 (http) with context path ''
2023-06-15T16:22:33.613-03:00  INFO 179206 --- [           main] f.b.BackendChallengeApplication          : Started BackendChallengeApplication in 0.76 seconds (process running for 8.853)
2023-06-15T16:22:33.617-03:00  INFO 179206 --- [           main] j.LocalContainerEntityManagerFactoryBean : Closing JPA EntityManagerFactory for persistence unit 'default'
2023-06-15T16:22:33.618-03:00  INFO 179206 --- [           main] .SchemaDropperImpl$DelayedDropActionImpl : HHH000477: Starting delayed evictData of schema as part of SessionFactory shut-down'
Hibernate: 
    drop table if exists public.disclaimer cascade
2023-06-15T16:22:33.623-03:00  INFO 179206 --- [           main] com.zaxxer.hikari.HikariDataSource       : HikariPool-2 - Shutdown initiated...
2023-06-15T16:22:33.633-03:00  INFO 179206 --- [           main] com.zaxxer.hikari.HikariDataSource       : HikariPool-2 - Shutdown completed.
]]></system-out>
  </testcase>
</testsuite>